<?xml version="1.0" encoding="UTF-8"?>
<testsuite xmlns:xsi="http://www.w3.org/2001/XMLSchema-instance" xsi:noNamespaceSchemaLocation="https://maven.apache.org/surefire/maven-surefire-plugin/xsd/surefire-test-report-3.0.xsd" version="3.0" name="com.multitone.service.WordProcessorTest" time="1.734" tests="6" errors="0" skipped="0" failures="0">
  <properties>
[...]
</properties>
  <testcase name="processFile_multipleValidFile_printsResponseToConsole" classname="com.multitone.service.WordProcessorTest" time="1.635">
    <system-out><![CDATA[of: 6
the: 6
my: 4
an: 4
and: 4
through: 2
swivel: 2
section: 2
executive: 2
airliner: 2
me: 2
options: 2
from: 2
brand: 2
if: 2
Embraer: 2
Business: 2
in: 2
disputes: 2
leather: 2
cocoa-cream: 2
at: 2
sofas: 2
armchairs: 2
Gulfstream: 2
for: 2
least: 2
cabin: 2
I: 2
description: 2
Varsano: 2
The: 2
can: 2
spare:: 2
taken: 2
have: 2
Citation: 2
But: 2
a: 2
£10m: 2
or: 2
relax: 2
founder: 2
plushest: 2
with: 2
Steve: 2
Jet: 2
luxury: 2
appetite: 2
to: 2
complete: 2
runs: 2
he: 2
You: 2
]]></system-out>
    <system-err><![CDATA[Feb 13, 2024 3:52:07 PM com.multitone.service.WordProcessor processFiles
INFO: Input fliepaths:C:\Users\siris\Praveen\JavaProjects\Git\wordprocessor\src\test\resources\Input.txt,C:\Users\siris\Praveen\JavaProjects\Git\wordprocessor\src\test\resources\Input2.txt
Feb 13, 2024 3:52:07 PM com.multitone.service.WordProcessor countWords
INFO: File paths after split:[C:\Users\siris\Praveen\JavaProjects\Git\wordprocessor\src\test\resources\Input.txt, C:\Users\siris\Praveen\JavaProjects\Git\wordprocessor\src\test\resources\Input2.txt]
]]></system-err>
  </testcase>
  <testcase name="processFile_inputFliePathNull_throwsWordProcessorException" classname="com.multitone.service.WordProcessorTest" time="0.016">
    <system-err><![CDATA[Feb 13, 2024 3:52:07 PM com.multitone.service.WordProcessor processFiles
INFO: Input fliepaths:null
Feb 13, 2024 3:52:07 PM com.multitone.service.WordProcessor processFiles
WARNING: Validation error. Input file paths:null is not valid.
]]></system-err>
  </testcase>
  <testcase name="processFile_inputFliePathEmpty_throwsWordProcessorException" classname="com.multitone.service.WordProcessorTest" time="0.0">
    <system-err><![CDATA[Feb 13, 2024 3:52:07 PM com.multitone.service.WordProcessor processFiles
INFO: Input fliepaths:
Feb 13, 2024 3:52:07 PM com.multitone.service.WordProcessor processFiles
WARNING: Validation error. Input file paths: is not valid.
]]></system-err>
  </testcase>
  <testcase name="processFile_invalidFileName_throwsWordProcessorException" classname="com.multitone.service.WordProcessorTest" time="0.0">
    <system-err><![CDATA[Feb 13, 2024 3:52:07 PM com.multitone.service.WordProcessor processFiles
INFO: Input fliepaths:C:\Users\siris\Praveen\JavaProjects\Git\wordprocessor\src\test\resources\Inputx.txt
Feb 13, 2024 3:52:07 PM com.multitone.service.WordProcessor countWords
INFO: File paths after split:[C:\Users\siris\Praveen\JavaProjects\Git\wordprocessor\src\test\resources\Inputx.txt]
Feb 13, 2024 3:52:07 PM com.multitone.service.WordProcessor lambda$countWords$3
WARNING: IOException occured while processing words from the file. Exception message: java.nio.file.NoSuchFileException: C:\Users\siris\Praveen\JavaProjects\Git\wordprocessor\src\test\resources\Inputx.txt
]]></system-err>
  </testcase>
  <testcase name="processFile_singleValidFile_printsResponseToConsole" classname="com.multitone.service.WordProcessorTest" time="0.015">
    <system-out><![CDATA[of: 3
the: 3
my: 2
an: 2
and: 2
through: 1
swivel: 1
section: 1
executive: 1
airliner: 1
me: 1
options: 1
from: 1
brand: 1
if: 1
Embraer: 1
Business: 1
in: 1
disputes: 1
leather: 1
cocoa-cream: 1
at: 1
sofas: 1
armchairs: 1
Gulfstream: 1
for: 1
least: 1
cabin: 1
I: 1
description: 1
Varsano: 1
The: 1
can: 1
spare:: 1
taken: 1
have: 1
Citation: 1
But: 1
a: 1
£10m: 1
or: 1
relax: 1
founder: 1
plushest: 1
with: 1
Steve: 1
Jet: 1
luxury: 1
appetite: 1
to: 1
complete: 1
runs: 1
he: 1
You: 1
]]></system-out>
    <system-err><![CDATA[Feb 13, 2024 3:52:07 PM com.multitone.service.WordProcessor processFiles
INFO: Input fliepaths:C:\Users\siris\Praveen\JavaProjects\Git\wordprocessor\src\test\resources\Input.txt
Feb 13, 2024 3:52:07 PM com.multitone.service.WordProcessor countWords
INFO: File paths after split:[C:\Users\siris\Praveen\JavaProjects\Git\wordprocessor\src\test\resources\Input.txt]
]]></system-err>
  </testcase>
  <testcase name="processFile_inputFliePathBlank_throwsWordProcessorException" classname="com.multitone.service.WordProcessorTest" time="0.016">
    <system-err><![CDATA[Feb 13, 2024 3:52:07 PM com.multitone.service.WordProcessor processFiles
INFO: Input fliepaths: 
Feb 13, 2024 3:52:07 PM com.multitone.service.WordProcessor processFiles
WARNING: Validation error. Input file paths:  is not valid.
]]></system-err>
  </testcase>
</testsuite>